<?xml version="1.0" encoding="UTF-8"?>
<testng-results skipped="0" failed="0" ignored="0" total="1" passed="1">
  <reporter-output>
  </reporter-output>
  <suite name="Default suite" duration-ms="39376" started-at="2020-06-21T07:59:24Z" finished-at="2020-06-21T08:00:04Z">
    <groups>
    </groups>
    <test name="Default test" duration-ms="39376" started-at="2020-06-21T07:59:24Z" finished-at="2020-06-21T08:00:04Z">
      <class name="com.actitme.objectrepository.CustomerTest">
        <test-method status="PASS" signature="openBrowser()[pri:0, instance:com.actitme.objectrepository.CustomerTest@d8355a8]" name="openBrowser" is-config="true" duration-ms="5938" started-at="2020-06-21T07:59:24Z" finished-at="2020-06-21T07:59:30Z">
          <reporter-output>
          </reporter-output>
        </test-method> <!-- openBrowser -->
        <test-method status="PASS" signature="loginApp()[pri:0, instance:com.actitme.objectrepository.CustomerTest@d8355a8]" name="loginApp" is-config="true" duration-ms="8935" started-at="2020-06-21T07:59:30Z" finished-at="2020-06-21T07:59:39Z">
          <reporter-output>
          </reporter-output>
        </test-method> <!-- loginApp -->
        <test-method status="PASS" signature="testCreateCustomer()[pri:0, instance:com.actitme.objectrepository.CustomerTest@d8355a8]" name="testCreateCustomer" duration-ms="17353" started-at="2020-06-21T07:59:39Z" finished-at="2020-06-21T07:59:57Z">
          <reporter-output>
          </reporter-output>
        </test-method> <!-- testCreateCustomer -->
        <test-method status="PASS" signature="logoutApp()[pri:0, instance:com.actitme.objectrepository.CustomerTest@d8355a8]" name="logoutApp" is-config="true" duration-ms="5330" started-at="2020-06-21T07:59:57Z" finished-at="2020-06-21T08:00:02Z">
          <reporter-output>
          </reporter-output>
        </test-method> <!-- logoutApp -->
        <test-method status="PASS" signature="closeBrowser()[pri:0, instance:com.actitme.objectrepository.CustomerTest@d8355a8]" name="closeBrowser" is-config="true" duration-ms="1800" started-at="2020-06-21T08:00:02Z" finished-at="2020-06-21T08:00:04Z">
          <reporter-output>
          </reporter-output>
        </test-method> <!-- closeBrowser -->
      </class> <!-- com.actitme.objectrepository.CustomerTest -->
    </test> <!-- Default test -->
  </suite> <!-- Default suite -->
</testng-results>
