<?xml version="1.0" encoding="UTF-8"?>
<testng-results skipped="0" failed="0" ignored="0" total="1" passed="1">
  <reporter-output>
    <line>
      <![CDATA[create customer]]>
    </line>
  </reporter-output>
  <suite name="Default suite" duration-ms="151" started-at="2020-06-24T14:36:38Z" finished-at="2020-06-24T14:36:38Z">
    <groups>
    </groups>
    <test name="Default test" duration-ms="151" started-at="2020-06-24T14:36:38Z" finished-at="2020-06-24T14:36:38Z">
      <class name="com.actitime.test.CreateCustomer">
        <test-method status="PASS" signature="testCreateCustomer()[pri:0, instance:com.actitime.test.CreateCustomer@29ee9faa]" name="testCreateCustomer" duration-ms="24" started-at="2020-06-24T14:36:38Z" finished-at="2020-06-24T14:36:38Z">
          <reporter-output>
            <line>
              <![CDATA[create customer]]>
            </line>
          </reporter-output>
        </test-method> <!-- testCreateCustomer -->
      </class> <!-- com.actitime.test.CreateCustomer -->
    </test> <!-- Default test -->
  </suite> <!-- Default suite -->
</testng-results>
